<?xml version="1.0" encoding="UTF-8"?>
<testng-results ignored="18" total="28" passed="9" failed="1" skipped="0">
  <reporter-output>
  </reporter-output>
  <suite started-at="2022-11-15T14:35:18 GST" name="Suite" finished-at="2022-11-15T14:36:34 GST" duration-ms="76245">
    <groups>
    </groups>
    <test started-at="2022-11-15T14:35:18 GST" name="Login_With_Standard_User_TC" finished-at="2022-11-15T14:35:40 GST" duration-ms="22068">
      <class name="tests.LoginPageTest">
        <test-method is-config="true" signature="setup()[pri:0, instance:tests.LoginPageTest@45d84a20]" started-at="2022-11-15T14:35:18 GST" name="setup" finished-at="2022-11-15T14:35:26 GST" duration-ms="7734" status="PASS">
          <reporter-output>
          </reporter-output>
        </test-method> <!-- setup -->
        <test-method signature="login()[pri:0, instance:tests.LoginPageTest@45d84a20]" started-at="2022-11-15T14:35:26 GST" name="login" description="verify login :: standard_user" finished-at="2022-11-15T14:35:28 GST" duration-ms="2292" status="PASS">
          <reporter-output>
          </reporter-output>
        </test-method> <!-- login -->
        <test-method is-config="true" signature="quitBrowser()[pri:0, instance:tests.LoginPageTest@45d84a20]" started-at="2022-11-15T14:35:39 GST" name="quitBrowser" finished-at="2022-11-15T14:35:40 GST" duration-ms="614" status="PASS">
          <reporter-output>
          </reporter-output>
        </test-method> <!-- quitBrowser -->
      </class> <!-- tests.LoginPageTest -->
      <class name="tests.InventoryPageTest">
        <test-method signature="confirmInventoryPage()[pri:0, instance:tests.InventoryPageTest@66982506]" started-at="2022-11-15T14:35:28 GST" name="confirmInventoryPage" description="confirm the login" finished-at="2022-11-15T14:35:28 GST" duration-ms="98" status="PASS">
          <reporter-output>
          </reporter-output>
        </test-method> <!-- confirmInventoryPage -->
        <test-method signature="prodectSelection()[pri:0, instance:tests.InventoryPageTest@66982506]" started-at="2022-11-15T14:35:28 GST" name="prodectSelection" description="get product list and select 3 random product" finished-at="2022-11-15T14:35:39 GST" duration-ms="11245" status="PASS">
          <reporter-output>
          </reporter-output>
        </test-method> <!-- prodectSelection -->
      </class> <!-- tests.InventoryPageTest -->
    </test> <!-- Login_With_Standard_User_TC -->
    <test started-at="2022-11-15T14:35:40 GST" name="Login_With_Locked_User_TC" finished-at="2022-11-15T14:35:51 GST" duration-ms="10586">
      <class name="tests.LoginPageTest">
        <test-method is-config="true" signature="setup()[pri:0, instance:tests.LoginPageTest@16150369]" started-at="2022-11-15T14:35:41 GST" name="setup" finished-at="2022-11-15T14:35:46 GST" duration-ms="5038" status="PASS">
          <reporter-output>
          </reporter-output>
        </test-method> <!-- setup -->
        <test-method signature="loginWithLockedOutUser()[pri:0, instance:tests.LoginPageTest@16150369]" started-at="2022-11-15T14:35:46 GST" name="loginWithLockedOutUser" description="verify login :: locked_out_user" finished-at="2022-11-15T14:35:51 GST" duration-ms="4970" status="PASS">
          <reporter-output>
          </reporter-output>
        </test-method> <!-- loginWithLockedOutUser -->
        <test-method is-config="true" signature="quitBrowser()[pri:0, instance:tests.LoginPageTest@16150369]" started-at="2022-11-15T14:35:51 GST" name="quitBrowser" finished-at="2022-11-15T14:35:51 GST" duration-ms="571" status="PASS">
          <reporter-output>
          </reporter-output>
        </test-method> <!-- quitBrowser -->
      </class> <!-- tests.LoginPageTest -->
    </test> <!-- Login_With_Locked_User_TC -->
    <test started-at="2022-11-15T14:35:51 GST" name="Login_with_Problem_User_TC" finished-at="2022-11-15T14:35:57 GST" duration-ms="6101">
      <class name="tests.LoginPageTest">
        <test-method is-config="true" signature="setup()[pri:0, instance:tests.LoginPageTest@23f5b5dc]" started-at="2022-11-15T14:35:51 GST" name="setup" finished-at="2022-11-15T14:35:54 GST" duration-ms="3293" status="PASS">
          <reporter-output>
          </reporter-output>
        </test-method> <!-- setup -->
        <test-method signature="loginWithProblemUser()[pri:0, instance:tests.LoginPageTest@23f5b5dc]" started-at="2022-11-15T14:35:54 GST" name="loginWithProblemUser" description="verify login :: problem_user" finished-at="2022-11-15T14:35:55 GST" duration-ms="705" status="PASS">
          <reporter-output>
          </reporter-output>
        </test-method> <!-- loginWithProblemUser -->
        <test-method is-config="true" signature="quitBrowser()[pri:0, instance:tests.LoginPageTest@23f5b5dc]" started-at="2022-11-15T14:35:57 GST" name="quitBrowser" finished-at="2022-11-15T14:35:57 GST" duration-ms="428" status="PASS">
          <reporter-output>
          </reporter-output>
        </test-method> <!-- quitBrowser -->
      </class> <!-- tests.LoginPageTest -->
      <class name="tests.InventoryPageTest">
        <test-method signature="confirmInventoryPage()[pri:0, instance:tests.InventoryPageTest@34bde49d]" started-at="2022-11-15T14:35:55 GST" name="confirmInventoryPage" description="confirm the login" finished-at="2022-11-15T14:35:55 GST" duration-ms="65" status="PASS">
          <reporter-output>
          </reporter-output>
        </test-method> <!-- confirmInventoryPage -->
        <test-method signature="prodectSelection()[pri:0, instance:tests.InventoryPageTest@34bde49d]" started-at="2022-11-15T14:35:55 GST" name="prodectSelection" description="get product list and select 3 random product" finished-at="2022-11-15T14:35:56 GST" duration-ms="1051" status="FAIL">
          <exception class="java.lang.AssertionError">
            <message>
              <![CDATA[The following asserts failed:
The button text is not valid, Expected 'Add to cart' got :REMOVE expected [ADD TO CART] but found [REMOVE],
The button click function is not working:the cart count must be decreased: result got: 1 expected [0] but found [1]]]>
            </message>
            <full-stacktrace>
              <![CDATA[java.lang.AssertionError: The following asserts failed:
The button text is not valid, Expected 'Add to cart' got :REMOVE expected [ADD TO CART] but found [REMOVE],
The button click function is not working:the cart count must be decreased: result got: 1 expected [0] but found [1]
at org.testng.asserts.SoftAssert.assertAll(SoftAssert.java:47)
at org.testng.asserts.SoftAssert.assertAll(SoftAssert.java:31)
at pages.InventoryPage.addProductToCart(InventoryPage.java:237)
at pages.InventoryPage.select_random_products(InventoryPage.java:184)
at tests.InventoryPageTest.prodectSelection(InventoryPageTest.java:34)
at java.base/jdk.internal.reflect.NativeMethodAccessorImpl.invoke0(Native Method)
at java.base/jdk.internal.reflect.NativeMethodAccessorImpl.invoke(NativeMethodAccessorImpl.java:77)
at java.base/jdk.internal.reflect.DelegatingMethodAccessorImpl.invoke(DelegatingMethodAccessorImpl.java:43)
at java.base/java.lang.reflect.Method.invoke(Method.java:568)
at org.testng.internal.MethodInvocationHelper.invokeMethod(MethodInvocationHelper.java:133)
at org.testng.internal.TestInvoker.invokeMethod(TestInvoker.java:598)
at org.testng.internal.TestInvoker.invokeTestMethod(TestInvoker.java:173)
at org.testng.internal.MethodRunner.runInSequence(MethodRunner.java:46)
at org.testng.internal.TestInvoker$MethodInvocationAgent.invoke(TestInvoker.java:824)
at org.testng.internal.TestInvoker.invokeTestMethods(TestInvoker.java:146)
at org.testng.internal.TestMethodWorker.invokeTestMethods(TestMethodWorker.java:146)
at org.testng.internal.TestMethodWorker.run(TestMethodWorker.java:128)
at java.base/java.util.ArrayList.forEach(ArrayList.java:1511)
at org.testng.TestRunner.privateRun(TestRunner.java:794)
at org.testng.TestRunner.run(TestRunner.java:596)
at org.testng.SuiteRunner.runTest(SuiteRunner.java:377)
at org.testng.SuiteRunner.runSequentially(SuiteRunner.java:371)
at org.testng.SuiteRunner.privateRun(SuiteRunner.java:332)
at org.testng.SuiteRunner.run(SuiteRunner.java:276)
at org.testng.SuiteRunnerWorker.runSuite(SuiteRunnerWorker.java:53)
at org.testng.SuiteRunnerWorker.run(SuiteRunnerWorker.java:96)
at org.testng.TestNG.runSuitesSequentially(TestNG.java:1212)
at org.testng.TestNG.runSuitesLocally(TestNG.java:1134)
at org.testng.TestNG.runSuites(TestNG.java:1063)
at org.testng.TestNG.run(TestNG.java:1031)
at org.testng.remote.AbstractRemoteTestNG.run(AbstractRemoteTestNG.java:115)
at org.testng.remote.RemoteTestNG.initAndRun(RemoteTestNG.java:251)
at org.testng.remote.RemoteTestNG.main(RemoteTestNG.java:77)
]]>
            </full-stacktrace>
          </exception> <!-- java.lang.AssertionError -->
          <reporter-output>
          </reporter-output>
        </test-method> <!-- prodectSelection -->
      </class> <!-- tests.InventoryPageTest -->
    </test> <!-- Login_with_Problem_User_TC -->
    <test started-at="2022-11-15T14:35:57 GST" name="Login_with_Glitch_User_TC" finished-at="2022-11-15T14:36:34 GST" duration-ms="36795">
      <class name="tests.LoginPageTest">
        <test-method is-config="true" signature="setup()[pri:0, instance:tests.LoginPageTest@210ab13f]" started-at="2022-11-15T14:35:57 GST" name="setup" finished-at="2022-11-15T14:36:01 GST" duration-ms="3445" status="PASS">
          <reporter-output>
          </reporter-output>
        </test-method> <!-- setup -->
        <test-method signature="loginWithGlitchUser()[pri:0, instance:tests.LoginPageTest@210ab13f]" started-at="2022-11-15T14:36:01 GST" name="loginWithGlitchUser" description="verify login :: performance_glitch_user" finished-at="2022-11-15T14:36:06 GST" duration-ms="5717" status="PASS">
          <reporter-output>
          </reporter-output>
        </test-method> <!-- loginWithGlitchUser -->
        <test-method is-config="true" signature="quitBrowser()[pri:0, instance:tests.LoginPageTest@210ab13f]" started-at="2022-11-15T14:36:34 GST" name="quitBrowser" finished-at="2022-11-15T14:36:34 GST" duration-ms="568" status="PASS">
          <reporter-output>
          </reporter-output>
        </test-method> <!-- quitBrowser -->
      </class> <!-- tests.LoginPageTest -->
      <class name="tests.InventoryPageTest">
        <test-method signature="confirmInventoryPage()[pri:0, instance:tests.InventoryPageTest@20b2475a]" started-at="2022-11-15T14:36:06 GST" name="confirmInventoryPage" description="confirm the login" finished-at="2022-11-15T14:36:07 GST" duration-ms="196" status="PASS">
          <reporter-output>
          </reporter-output>
        </test-method> <!-- confirmInventoryPage -->
        <test-method signature="prodectSelection()[pri:0, instance:tests.InventoryPageTest@20b2475a]" started-at="2022-11-15T14:36:07 GST" name="prodectSelection" description="get product list and select 3 random product" finished-at="2022-11-15T14:36:34 GST" duration-ms="26856" status="PASS">
          <reporter-output>
          </reporter-output>
        </test-method> <!-- prodectSelection -->
      </class> <!-- tests.InventoryPageTest -->
    </test> <!-- Login_with_Glitch_User_TC -->
  </suite> <!-- Suite -->
</testng-results>
