<?xml version="1.0" encoding="UTF-8"?>
<!-- Generated by org.testng.reporters.JUnitReportReporter -->
<testsuite hostname="DESKTOP-3R28KS4" failures="1" tests="6" name="tests.InventoryPageTest" time="39.511" errors="0" timestamp="2022-11-15T14:36:34 GST" skipped="0">
  <testcase classname="tests.InventoryPageTest" name="confirmInventoryPage" time="0.196"/>
  <system-out/>
  <testcase classname="tests.InventoryPageTest" name="prodectSelection" time="11.245"/>
  <system-out/>
  <testcase classname="tests.InventoryPageTest" name="confirmInventoryPage" time="0.065"/>
  <system-out/>
  <testcase classname="tests.InventoryPageTest" name="prodectSelection" time="1.051">
    <failure message="The following asserts failed:
	The button text is not valid, Expected &#039;Add to cart&#039; got :REMOVE expected [ADD TO CART] but found [REMOVE],
	The button click function is not working:the cart count must be decreased: result got: 1 expected [0] but found [1]" type="java.lang.AssertionError">
      <![CDATA[java.lang.AssertionError: The following asserts failed:
The button text is not valid, Expected 'Add to cart' got :REMOVE expected [ADD TO CART] but found [REMOVE],
The button click function is not working:the cart count must be decreased: result got: 1 expected [0] but found [1]
at org.testng.asserts.SoftAssert.assertAll(SoftAssert.java:47)
at org.testng.asserts.SoftAssert.assertAll(SoftAssert.java:31)
at pages.InventoryPage.addProductToCart(InventoryPage.java:237)
at pages.InventoryPage.select_random_products(InventoryPage.java:184)
at tests.InventoryPageTest.prodectSelection(InventoryPageTest.java:34)
at java.base/jdk.internal.reflect.NativeMethodAccessorImpl.invoke0(Native Method)
at java.base/jdk.internal.reflect.NativeMethodAccessorImpl.invoke(NativeMethodAccessorImpl.java:77)
at java.base/jdk.internal.reflect.DelegatingMethodAccessorImpl.invoke(DelegatingMethodAccessorImpl.java:43)
at java.base/java.lang.reflect.Method.invoke(Method.java:568)
at org.testng.internal.MethodInvocationHelper.invokeMethod(MethodInvocationHelper.java:133)
at org.testng.internal.TestInvoker.invokeMethod(TestInvoker.java:598)
at org.testng.internal.TestInvoker.invokeTestMethod(TestInvoker.java:173)
at org.testng.internal.MethodRunner.runInSequence(MethodRunner.java:46)
at org.testng.internal.TestInvoker$MethodInvocationAgent.invoke(TestInvoker.java:824)
at org.testng.internal.TestInvoker.invokeTestMethods(TestInvoker.java:146)
at org.testng.internal.TestMethodWorker.invokeTestMethods(TestMethodWorker.java:146)
at org.testng.internal.TestMethodWorker.run(TestMethodWorker.java:128)
at java.base/java.util.ArrayList.forEach(ArrayList.java:1511)
at org.testng.TestRunner.privateRun(TestRunner.java:794)
at org.testng.TestRunner.run(TestRunner.java:596)
at org.testng.SuiteRunner.runTest(SuiteRunner.java:377)
at org.testng.SuiteRunner.runSequentially(SuiteRunner.java:371)
at org.testng.SuiteRunner.privateRun(SuiteRunner.java:332)
at org.testng.SuiteRunner.run(SuiteRunner.java:276)
at org.testng.SuiteRunnerWorker.runSuite(SuiteRunnerWorker.java:53)
at org.testng.SuiteRunnerWorker.run(SuiteRunnerWorker.java:96)
at org.testng.TestNG.runSuitesSequentially(TestNG.java:1212)
at org.testng.TestNG.runSuitesLocally(TestNG.java:1134)
at org.testng.TestNG.runSuites(TestNG.java:1063)
at org.testng.TestNG.run(TestNG.java:1031)
at org.testng.remote.AbstractRemoteTestNG.run(AbstractRemoteTestNG.java:115)
at org.testng.remote.RemoteTestNG.initAndRun(RemoteTestNG.java:251)
at org.testng.remote.RemoteTestNG.main(RemoteTestNG.java:77)
]]>
    </failure>
  </testcase> <!-- prodectSelection -->
  <system-out/>
  <testcase classname="tests.InventoryPageTest" name="confirmInventoryPage" time="0.098"/>
  <system-out/>
  <testcase classname="tests.InventoryPageTest" name="prodectSelection" time="26.856"/>
  <system-out/>
</testsuite> <!-- tests.InventoryPageTest -->
